INFO:root:****Test_001_Login*****
INFO:root:Verifying
ERROR:root:****Test_001_Login*****
INFO:root:Login Test
11/07/22 03:55:40 AM: INFO: ****Test_001_Login*****
11/07/22 03:55:40 AM: INFO: Verifying
11/07/22 03:55:44 AM: INFO: Login Test
11/09/22 01:08:48 AM: INFO: ****Test_001_Login*****
11/09/22 01:08:48 AM: INFO: Verifying
11/09/22 01:08:53 AM: INFO: Login Test
11/09/22 01:12:18 AM: INFO: ****Test_001_Login*****
11/09/22 01:12:18 AM: INFO: Verifying
11/09/22 01:12:38 AM: INFO: Login Test
11/09/22 01:16:12 AM: INFO: ****Test_001_Login*****
11/09/22 01:16:12 AM: INFO: Verifying
11/09/22 01:16:25 AM: INFO: Login Test
11/09/22 01:36:41 AM: INFO: ****Test_001_Login*****
11/09/22 01:36:41 AM: INFO: Verifying
11/09/22 02:15:20 AM: INFO: ****Test_001_Login*****
11/09/22 02:15:20 AM: INFO: Verifying
11/09/22 02:15:40 AM: INFO: Login Test
11/09/22 12:43:10 PM: INFO: Login Test
11/09/22 12:43:10 PM: INFO: ****Test_001_Login*****
11/09/22 12:43:10 PM: INFO: Verifying
11/09/22 12:48:15 PM: INFO: ****Test_001_Login*****
11/09/22 12:48:15 PM: INFO: Verifying
11/09/22 12:48:19 PM: INFO: Login Test
11/09/22 12:51:22 PM: INFO: ****Test_001_Login*****
11/09/22 12:51:22 PM: INFO: Verifying
11/09/22 12:51:26 PM: INFO: Login Test
11/09/22 12:55:14 PM: INFO: ****Test_001_Login*****
11/09/22 12:55:14 PM: INFO: Verifying
11/09/22 12:55:35 PM: INFO: Login Test
11/09/22 12:57:56 PM: INFO: ****Test_001_Login*****
11/09/22 12:57:56 PM: INFO: Verifying
11/09/22 12:58:18 PM: INFO: Login Test
11/09/22 11:46:32 PM: INFO: Login Test
11/09/22 11:46:41 PM: INFO: Failed
11/09/22 11:46:41 PM: INFO: Login DDT Test is failed
11/09/22 11:48:50 PM: INFO: Login Test
11/09/22 11:48:58 PM: INFO: Failed
11/09/22 11:49:04 PM: INFO: Passed
11/09/22 11:49:10 PM: INFO: Passed
11/09/22 11:49:16 PM: INFO: Passed
11/09/22 11:49:16 PM: INFO: Login DDT Test is failed
11/09/22 11:52:02 PM: INFO: Login Test
11/09/22 11:52:14 PM: INFO: Test Passed
11/09/22 11:54:07 PM: INFO: Login Test
11/09/22 11:54:19 PM: INFO: Test Passed
11/09/22 11:55:48 PM: INFO: Login Test
11/09/22 11:55:59 PM: INFO: Test Passed
11/09/22 11:56:06 PM: INFO: Passed
11/09/22 11:56:12 PM: INFO: Passed
11/09/22 11:56:18 PM: INFO: Passed
11/09/22 11:56:18 PM: INFO: Login DDT Test is passed
11/09/22 11:56:18 PM: INFO: End of DDT
11/09/22 11:56:18 PM: INFO: Completed TC_LoginDDT_OO2
11/13/22 04:39:28 PM: INFO: Test_003_AddCustomer
11/13/22 04:39:35 PM: INFO: Login Successful
11/13/22 04:40:40 PM: INFO: Test_003_AddCustomer
11/13/22 04:40:45 PM: INFO: Login Successful
11/13/22 04:40:50 PM: INFO: Providing Customer Info
11/13/22 04:45:33 PM: INFO: Test_003_AddCustomer
11/13/22 04:45:42 PM: INFO: Login Successful
11/13/22 04:45:48 PM: INFO: Providing Customer Info
11/13/22 04:50:01 PM: INFO: Test_003_AddCustomer
11/13/22 04:50:08 PM: INFO: Login Successful
11/13/22 04:50:12 PM: INFO: Providing Customer Info
11/13/22 04:50:24 PM: INFO:  Saving Customer Info
11/13/22 04:50:24 PM: INFO: Add customer validation started
11/13/22 04:50:24 PM: ERROR: Test Failed
11/13/22 04:52:30 PM: INFO: Test_003_AddCustomer
11/13/22 04:52:38 PM: INFO: Login Successful
11/13/22 04:52:42 PM: INFO: Providing Customer Info
11/13/22 04:52:55 PM: INFO:  Saving Customer Info
11/13/22 04:52:55 PM: INFO: Add customer validation started
11/13/22 04:52:55 PM: INFO: Test Passed
11/13/22 04:54:19 PM: INFO: Test_003_AddCustomer
11/13/22 04:54:27 PM: INFO: Login Successful
11/13/22 04:54:31 PM: INFO: Providing Customer Info
11/13/22 04:54:46 PM: INFO:  Saving Customer Info
11/13/22 04:54:46 PM: INFO: Add customer validation started
11/13/22 04:54:46 PM: INFO: Test Passed
11/13/22 04:56:25 PM: INFO: Test_003_AddCustomer
11/13/22 04:56:32 PM: INFO: Login Successful
11/13/22 04:56:36 PM: INFO: Providing Customer Info
11/13/22 04:56:49 PM: INFO:  Saving Customer Info
11/13/22 04:56:49 PM: INFO: Add customer validation started
11/13/22 04:56:49 PM: INFO: Test Passed
11/14/22 01:48:44 AM: INFO: SearchCustomerByEmail_004
11/14/22 01:48:53 AM: INFO: Login Successful
11/14/22 01:48:53 AM: INFO: Search Customer Test Started
11/14/22 01:48:55 AM: INFO:  searching customer by emailID
11/14/22 01:51:10 AM: INFO: SearchCustomerByEmail_004
11/14/22 01:51:18 AM: INFO: Login Successful
11/14/22 01:51:18 AM: INFO: Search Customer Test Started
11/14/22 01:51:21 AM: INFO:  searching customer by emailID
11/14/22 01:52:15 AM: INFO: SearchCustomerByEmail_004
11/14/22 01:52:25 AM: INFO: Login Successful
11/14/22 01:52:25 AM: INFO: Search Customer Test Started
11/14/22 01:52:28 AM: INFO:  searching customer by emailID
11/14/22 01:52:33 AM: INFO: Test Finished
11/14/22 01:57:19 AM: INFO: SearchSearchCustomerByName_005
11/14/22 01:57:28 AM: INFO: Login Successful
11/14/22 01:57:28 AM: INFO: Search Customer Test Started
11/14/22 01:57:30 AM: INFO:  searching customer by Name
11/14/22 01:58:53 AM: INFO: SearchSearchCustomerByName_005
11/14/22 01:59:02 AM: INFO: Login Successful
11/14/22 01:59:02 AM: INFO: Search Customer Test Started
11/14/22 01:59:04 AM: INFO:  searching customer by Name
11/14/22 01:59:09 AM: INFO: Test Finished
